<?xml version="1.0" encoding="UTF-8"?>
<!-- Generated by org.testng.reporters.JUnitReportReporter -->
<testsuite skipped="0" hostname="USBLRPRIYADAV2" name="ProgTestNG.NewTest" tests="1" failures="0" timestamp="25 Jun 2017 09:02:38 GMT" time="0.010" errors="0">
  <testcase name="f" time="0.010" classname="ProgTestNG.NewTest"/>
</testsuite> <!-- ProgTestNG.NewTest -->
