<?xml version="1.0" encoding="UTF-8"?>
<!-- Generated by org.testng.reporters.JUnitReportReporter -->
<testsuite skipped="0" hostname="USBLRPRIYADAV2" name="ProgTestNG.Login" tests="2" failures="0" timestamp="26 Jun 2017 14:54:14 GMT" time="18.295" errors="0">
  <testcase name="loginsuccess1" time="10.471" classname="ProgTestNG.Login"/>
  <testcase name="loginfail" time="7.824" classname="ProgTestNG.Login"/>
</testsuite> <!-- ProgTestNG.Login -->
